c:\users\darion\documents\visual studio 2015\projects\soulbabypc\soulbabypc\release\vc140.pdb
c:\users\darion\documents\visual studio 2015\projects\soulbabypc\soulbabypc\release\world.obj
c:\users\darion\documents\visual studio 2015\projects\soulbabypc\soulbabypc\release\tmxtileset.obj
c:\users\darion\documents\visual studio 2015\projects\soulbabypc\soulbabypc\release\tmxtilelayer.obj
c:\users\darion\documents\visual studio 2015\projects\soulbabypc\soulbabypc\release\tmxtile.obj
c:\users\darion\documents\visual studio 2015\projects\soulbabypc\soulbabypc\release\tmxobjectlayer.obj
c:\users\darion\documents\visual studio 2015\projects\soulbabypc\soulbabypc\release\tmxobject.obj
c:\users\darion\documents\visual studio 2015\projects\soulbabypc\soulbabypc\release\tmxmap.obj
c:\users\darion\documents\visual studio 2015\projects\soulbabypc\soulbabypc\release\tmxloader.obj
c:\users\darion\documents\visual studio 2015\projects\soulbabypc\soulbabypc\release\tile.obj
c:\users\darion\documents\visual studio 2015\projects\soulbabypc\soulbabypc\release\textures.obj
c:\users\darion\documents\visual studio 2015\projects\soulbabypc\soulbabypc\release\particle.obj
c:\users\darion\documents\visual studio 2015\projects\soulbabypc\soulbabypc\release\main.obj
c:\users\darion\documents\visual studio 2015\projects\soulbabypc\soulbabypc\release\levelcontainer.obj
c:\users\darion\documents\visual studio 2015\projects\soulbabypc\soulbabypc\release\container.obj
c:\users\darion\documents\visual studio 2015\projects\soulbabypc\soulbabypc\release\audio.obj
c:\users\darion\documents\visual studio 2015\projects\soulbabypc\release\soulbabypc.exe
c:\users\darion\documents\visual studio 2015\projects\soulbabypc\release\soulbabypc.ipdb
c:\users\darion\documents\visual studio 2015\projects\soulbabypc\release\soulbabypc.iobj
c:\users\darion\documents\visual studio 2015\projects\soulbabypc\release\soulbabypc.pdb
c:\users\darion\documents\visual studio 2015\projects\soulbabypc\soulbabypc\release\resource.res
c:\users\darion\documents\visual studio 2015\projects\soulbabypc\soulbabypc\release\soulbabypc.res
c:\users\darion\documents\visual studio 2015\projects\soulbabypc\soulbabypc\release\soulbabypc1.res
c:\users\darion\documents\visual studio 2015\projects\soulbabypc\soulbabypc\release\soulbabypc.tlog\cl.command.1.tlog
c:\users\darion\documents\visual studio 2015\projects\soulbabypc\soulbabypc\release\soulbabypc.tlog\cl.read.1.tlog
c:\users\darion\documents\visual studio 2015\projects\soulbabypc\soulbabypc\release\soulbabypc.tlog\cl.write.1.tlog
c:\users\darion\documents\visual studio 2015\projects\soulbabypc\soulbabypc\release\soulbabypc.tlog\link.command.1.tlog
c:\users\darion\documents\visual studio 2015\projects\soulbabypc\soulbabypc\release\soulbabypc.tlog\link.read.1.tlog
c:\users\darion\documents\visual studio 2015\projects\soulbabypc\soulbabypc\release\soulbabypc.tlog\link.write.1.tlog
c:\users\darion\documents\visual studio 2015\projects\soulbabypc\soulbabypc\release\soulbabypc.tlog\rc.command.1.tlog
c:\users\darion\documents\visual studio 2015\projects\soulbabypc\soulbabypc\release\soulbabypc.tlog\rc.read.1.tlog
c:\users\darion\documents\visual studio 2015\projects\soulbabypc\soulbabypc\release\soulbabypc.tlog\rc.write.1.tlog
